# JRE version: Java(TM) SE Runtime Environment (8.0_121-b13) (build 1.8.0_121-b13)
# Java VM: Java HotSpot(TM) 64-Bit Server VM (25.121-b13 mixed mode windows-amd64 compressed oops)
Heap:
 PSYoungGen      total 38400K, used 29933K [0x00000000eab00000, 0x00000000efe80000, 0x0000000100000000)
  eden space 33280K, 74% used [0x00000000eab00000,0x00000000ec33c540,0x00000000ecb80000)
  from space 5120K, 99% used [0x00000000ecb80000,0x00000000ed07f100,0x00000000ed080000)
  to   space 10240K, 0% used [0x00000000ef480000,0x00000000ef480000,0x00000000efe80000)
 ParOldGen       total 46080K, used 7870K [0x00000000c0000000, 0x00000000c2d00000, 0x00000000eab00000)
  object space 46080K, 17% used [0x00000000c0000000,0x00000000c07af9e0,0x00000000c2d00000)
 Metaspace       used 27807K, capacity 28310K, committed 28416K, reserved 1073152K
  class space    used 3843K, capacity 4006K, committed 4096K, reserved 1048576K
GC Heap History (10 events):
Event: 28.790 GC heap before
{Heap before GC invocations=4 (full 0):
 PSYoungGen      total 38400K, used 38368K [0x00000000eab00000, 0x00000000ed580000, 0x0000000100000000)
  eden space 33280K, 100% used [0x00000000eab00000,0x00000000ecb80000,0x00000000ecb80000)
  from space 5120K, 99% used [0x00000000ecb80000,0x00000000ed078020,0x00000000ed080000)
  to   space 5120K, 0% used [0x00000000ed080000,0x00000000ed080000,0x00000000ed580000)
 ParOldGen       total 87552K, used 2052K [0x00000000c0000000, 0x00000000c5580000, 0x00000000eab00000)
  object space 87552K, 2% used [0x00000000c0000000,0x00000000c02012e8,0x00000000c5580000)
 Metaspace       used 16907K, capacity 17334K, committed 17536K, reserved 1064960K
  class space    used 2496K, capacity 2651K, committed 2688K, reserved 1048576K
Event: 28.798 GC heap after
Heap after GC invocations=4 (full 0):
 PSYoungGen      total 38400K, used 5088K [0x00000000eab00000, 0x00000000ed580000, 0x0000000100000000)
  eden space 33280K, 0% used [0x00000000eab00000,0x00000000eab00000,0x00000000ecb80000)
  from space 5120K, 99% used [0x00000000ed080000,0x00000000ed578020,0x00000000ed580000)
  to   space 5120K, 0% used [0x00000000ecb80000,0x00000000ecb80000,0x00000000ed080000)
 ParOldGen       total 87552K, used 5336K [0x00000000c0000000, 0x00000000c5580000, 0x00000000eab00000)
  object space 87552K, 6% used [0x00000000c0000000,0x00000000c0536090,0x00000000c5580000)
 Metaspace       used 16907K, capacity 17334K, committed 17536K, reserved 1064960K
  class space    used 2496K, capacity 2651K, committed 2688K, reserved 1048576K
}
Event: 32.100 GC heap before
{Heap before GC invocations=5 (full 0):
 PSYoungGen      total 38400K, used 38368K [0x00000000eab00000, 0x00000000ed580000, 0x0000000100000000)
  eden space 33280K, 100% used [0x00000000eab00000,0x00000000ecb80000,0x00000000ecb80000)
  from space 5120K, 99% used [0x00000000ed080000,0x00000000ed578020,0x00000000ed580000)
  to   space 5120K, 0% used [0x00000000ecb80000,0x00000000ecb80000,0x00000000ed080000)
 ParOldGen       total 87552K, used 5336K [0x00000000c0000000, 0x00000000c5580000, 0x00000000eab00000)
  object space 87552K, 6% used [0x00000000c0000000,0x00000000c0536090,0x00000000c5580000)
 Metaspace       used 20753K, capacity 21230K, committed 21296K, reserved 1067008K
  class space    used 3035K, capacity 3187K, committed 3200K, reserved 1048576K
Event: 32.111 GC heap after
Heap after GC invocations=5 (full 0):
 PSYoungGen      total 37888K, used 5112K [0x00000000eab00000, 0x00000000ee100000, 0x0000000100000000)
  eden space 32768K, 0% used [0x00000000eab00000,0x00000000eab00000,0x00000000ecb00000)
  from space 5120K, 99% used [0x00000000ecb80000,0x00000000ed07e0c0,0x00000000ed080000)
  to   space 11264K, 0% used [0x00000000ed600000,0x00000000ed600000,0x00000000ee100000)
 ParOldGen       total 87552K, used 9577K [0x00000000c0000000, 0x00000000c5580000, 0x00000000eab00000)
  object space 87552K, 10% used [0x00000000c0000000,0x00000000c095a518,0x00000000c5580000)
 Metaspace       used 20753K, capacity 21230K, committed 21296K, reserved 1067008K
  class space    used 3035K, capacity 3187K, committed 3200K, reserved 1048576K
}
Event: 32.122 GC heap before
{Heap before GC invocations=6 (full 0):
 PSYoungGen      total 37888K, used 5695K [0x00000000eab00000, 0x00000000ee100000, 0x0000000100000000)
  eden space 32768K, 1% used [0x00000000eab00000,0x00000000eab91ea8,0x00000000ecb00000)
  from space 5120K, 99% used [0x00000000ecb80000,0x00000000ed07e0c0,0x00000000ed080000)
  to   space 11264K, 0% used [0x00000000ed600000,0x00000000ed600000,0x00000000ee100000)
 ParOldGen       total 87552K, used 9577K [0x00000000c0000000, 0x00000000c5580000, 0x00000000eab00000)
  object space 87552K, 10% used [0x00000000c0000000,0x00000000c095a518,0x00000000c5580000)
 Metaspace       used 20784K, capacity 21230K, committed 21296K, reserved 1067008K
  class space    used 3037K, capacity 3187K, committed 3200K, reserved 1048576K
Event: 32.130 GC heap after
Heap after GC invocations=6 (full 0):
 PSYoungGen      total 44032K, used 5192K [0x00000000eab00000, 0x00000000ee100000, 0x0000000100000000)
  eden space 32768K, 0% used [0x00000000eab00000,0x00000000eab00000,0x00000000ecb00000)
  from space 11264K, 46% used [0x00000000ed600000,0x00000000edb12090,0x00000000ee100000)
  to   space 5120K, 0% used [0x00000000ecb80000,0x00000000ecb80000,0x00000000ed080000)
 ParOldGen       total 87552K, used 9585K [0x00000000c0000000, 0x00000000c5580000, 0x00000000eab00000)
  object space 87552K, 10% used [0x00000000c0000000,0x00000000c095c518,0x00000000c5580000)
 Metaspace       used 20784K, capacity 21230K, committed 21296K, reserved 1067008K
  class space    used 3037K, capacity 3187K, committed 3200K, reserved 1048576K
}
Event: 32.130 GC heap before
{Heap before GC invocations=7 (full 1):
 PSYoungGen      total 44032K, used 5192K [0x00000000eab00000, 0x00000000ee100000, 0x0000000100000000)
  eden space 32768K, 0% used [0x00000000eab00000,0x00000000eab00000,0x00000000ecb00000)
  from space 11264K, 46% used [0x00000000ed600000,0x00000000edb12090,0x00000000ee100000)
  to   space 5120K, 0% used [0x00000000ecb80000,0x00000000ecb80000,0x00000000ed080000)
 ParOldGen       total 87552K, used 9585K [0x00000000c0000000, 0x00000000c5580000, 0x00000000eab00000)
  object space 87552K, 10% used [0x00000000c0000000,0x00000000c095c518,0x00000000c5580000)
 Metaspace       used 20784K, capacity 21230K, committed 21296K, reserved 1067008K
  class space    used 3037K, capacity 3187K, committed 3200K, reserved 1048576K
Event: 32.170 GC heap after
Heap after GC invocations=7 (full 1):
 PSYoungGen      total 44032K, used 0K [0x00000000eab00000, 0x00000000ee100000, 0x0000000100000000)
  eden space 32768K, 0% used [0x00000000eab00000,0x00000000eab00000,0x00000000ecb00000)
  from space 11264K, 0% used [0x00000000ed600000,0x00000000ed600000,0x00000000ee100000)
  to   space 5120K, 0% used [0x00000000ecb80000,0x00000000ecb80000,0x00000000ed080000)
 ParOldGen       total 46080K, used 7006K [0x00000000c0000000, 0x00000000c2d00000, 0x00000000eab00000)
  object space 46080K, 15% used [0x00000000c0000000,0x00000000c06d7a20,0x00000000c2d00000)
 Metaspace       used 20784K, capacity 21230K, committed 21296K, reserved 1067008K
  class space    used 3037K, capacity 3187K, committed 3200K, reserved 1048576K
}
Event: 33.504 GC heap before
{Heap before GC invocations=8 (full 1):
 PSYoungGen      total 44032K, used 32518K [0x00000000eab00000, 0x00000000ee100000, 0x0000000100000000)
  eden space 32768K, 99% used [0x00000000eab00000,0x00000000ecac18a0,0x00000000ecb00000)
  from space 11264K, 0% used [0x00000000ed600000,0x00000000ed600000,0x00000000ee100000)
  to   space 5120K, 0% used [0x00000000ecb80000,0x00000000ecb80000,0x00000000ed080000)
 ParOldGen       total 46080K, used 7006K [0x00000000c0000000, 0x00000000c2d00000, 0x00000000eab00000)
  object space 46080K, 15% used [0x00000000c0000000,0x00000000c06d7a20,0x00000000c2d00000)
 Metaspace       used 25830K, capacity 26340K, committed 26624K, reserved 1073152K
  class space    used 3605K, capacity 3776K, committed 3840K, reserved 1048576K
Event: 33.509 GC heap after
Heap after GC invocations=8 (full 1):
 PSYoungGen      total 38400K, used 5116K [0x00000000eab00000, 0x00000000efe80000, 0x0000000100000000)
  eden space 33280K, 0% used [0x00000000eab00000,0x00000000eab00000,0x00000000ecb80000)
  from space 5120K, 99% used [0x00000000ecb80000,0x00000000ed07f100,0x00000000ed080000)
  to   space 10240K, 0% used [0x00000000ef480000,0x00000000ef480000,0x00000000efe80000)
 ParOldGen       total 46080K, used 7870K [0x00000000c0000000, 0x00000000c2d00000, 0x00000000eab00000)
  object space 46080K, 17% used [0x00000000c0000000,0x00000000c07af9e0,0x00000000c2d00000)
 Metaspace       used 25830K, capacity 26340K, committed 26624K, reserved 1073152K
  class space    used 3605K, capacity 3776K, committed 3840K, reserved 1048576K
}

